Arguments: 
  C:\Program Files\nodejs\node.exe C:\Program Files (x86)\Yarn\bin\yarn.js add --dev babel-jest babel-core@7.0.0-bridge.0 @babel/core regenerator-runtime

PATH: 
  C:\Python27\;C:\Python27\Scripts;C:\Program Files (x86)\Common Files\Oracle\Java\javapath;C:\ProgramData\Oracle\Java\javapath;C:\WINDOWS\system32;C:\WINDOWS;C:\WINDOWS\System32\Wbem;C:\WINDOWS\System32\WindowsPowerShell\v1.0\;C:\WINDOWS\System32\OpenSSH\;C:\ProgramData\chocolatey\bin;C:\Program Files\Java\jdk1.8.0_201\bin;C:\Users\Cliente\AppData\Local\Microsoft\WindowsApps;C:\Users\Cliente\AppData\Roaming\npm;C:\adb;C:\Program Files\Git\cmd;C:\WINDOWS\system32;C:\WINDOWS;C:\WINDOWS\System32\Wbem;C:\WINDOWS\System32\WindowsPowerShell\v1.0\;C:\WINDOWS\System32\OpenSSH\;C:\xampp\php;C:\Users\Cliente\AppData\Roaming\nvm;C:\Program Files\nodejs;C:\Program Files (x86)\Yarn\bin\;C:\Go\bin;C:\Program Files\CMake\bin;C:\Program Files\Docker\Docker\resources\bin;C:\ProgramData\DockerDesktop\version-bin;C:\Ruby27-x64\bin;C:\Users\Cliente\.cargo\bin;C:\Users\Cliente\AppData\Local\Microsoft\WindowsApps;C:\Users\Cliente\AppData\Local\Programs\Microsoft VS Code\bin;C:\Users\Cliente\AppData\Local\atom\bin;C:\Users\Cliente\AppData\Local\Microsoft\WindowsApps;C:\Users\Cliente\AppData\Roaming\npm;"cType;C:\Users\Cliente\AppData\Roaming\nvm;C:\Program Files\nodejs";C:\Program Files\heroku\bin;C:\flutter\bin;;C:\Users\Cliente\AppData\Local\hyper\app-3.0.2\resources\bin;C:\Users\Cliente\AppData\Local\Yarn\bin;C:\Program Files\Docker Toolbox;C:\Users\Cliente\go\bin

Yarn version: 
  1.21.1

Node version: 
  12.10.0

Platform: 
  win32 x64

Trace: 
  Error: https://registry.yarnpkg.com/@material-ui/icons/-/icons-4.9.1.tgz: ESOCKETTIMEDOUT
      at ClientRequest.<anonymous> (C:\Program Files (x86)\Yarn\lib\cli.js:141292:19)
      at Object.onceWrapper (events.js:298:28)
      at ClientRequest.emit (events.js:209:13)
      at TLSSocket.emitRequestTimeout (_http_client.js:690:9)
      at Object.onceWrapper (events.js:298:28)
      at TLSSocket.emit (events.js:209:13)
      at TLSSocket.Socket._onTimeout (net.js:468:8)
      at listOnTimeout (internal/timers.js:531:17)
      at processTimers (internal/timers.js:475:7)

npm manifest: 
  {
    "name": "app",
    "version": "1.0.0",
    "description": "Signup, Signin, Forgot password, Terms and Conditions and Contact Us boilerplate just the UI ",
    "main": "index.js",
    "scripts": {
      "start": "webpack-dev-server --mode development --open --hot",
      "build": "webpack --mode production"
    },
    "repository": {
      "type": "git",
      "url": "git+https://github.com/SiddharthaChowdhury/bp-common.git"
    },
    "keywords": [
      "boilerplate",
      "signup",
      "signin",
      "forgot",
      "passord",
      "reset",
      "password",
      "tnc",
      "contact",
      "us"
    ],
    "author": "Austin4Silvers",
    "license": "MIT",
    "bugs": {
      "url": "https://github.com/SiddharthaChowdhury/bp-common/issues"
    },
    "homepage": "https://github.com/SiddharthaChowdhury/bp-common#readme",
    "dependencies": {
      "@material-ui/core": "^4.8.2",
      "@material-ui/icons": "^4.5.1",
      "@testing-library/jest-dom": "^4.2.4",
      "@testing-library/react": "^9.3.2",
      "@testing-library/user-event": "^7.1.2",
      "axios": "^0.19.0",
      "config": "^3.3.1",
      "isomorphic-fetch": "^2.2.1",
      "localforage": "^1.7.3",
      "react": "^16.12.0",
      "react-dom": "^16.12.0",
      "react-redux": "^7.1.3",
      "react-router-dom": "^5.1.2",
      "react-scripts": "3.3.0",
      "react-web-notification": "^0.8.0",
      "recharts": "^2.0.0-beta.1",
      "redux": "^4.0.5",
      "redux-logger": "^3.0.6",
      "redux-persist": "^6.0.0",
      "redux-persist-transform-encrypt": "^2.0.1",
      "redux-thunk": "^2.3.0",
      "typeface-roboto": "0.0.75"
    },
    "devDependencies": {
      "babel-core": "^6.26.3",
      "dotenv": "^4.0.0",
      "babel-loader": "^7.1.5",
      "babel-preset-env": "^1.7.0",
      "babel-preset-react": "^6.24.1",
      "html-webpack-plugin": "^3.2.0",
      "uglifyjs-webpack-plugin": "^2.2.0",
      "webpack": "^4.43.0",
      "webpack-cli": "^3.3.12",
      "webpack-dev-server": "^3.11.0"
    }
  }

yarn manifest: 
  No manifest

Lockfile: 
  No lockfile
